localhost.localdomain - - [21/May/2009 04:21:54] "GET / HTTP/1.1" 200 -
localhost.localdomain - - [21/May/2009 04:22:14] "GET / HTTP/1.1" 200 -
localhost.localdomain - - [21/May/2009 04:22:22] "GET / HTTP/1.1" 200 -
localhost.localdomain - - [21/May/2009 04:24:22] "GET / HTTP/1.1" 200 -
Traceback (most recent call last):
  File "SocketServer.py", line 222, in handle_request
    self.process_request(request, client_address)
  File "SocketServer.py", line 241, in process_request
    self.finish_request(request, client_address)
  File "SocketServer.py", line 254, in finish_request
    self.RequestHandlerClass(request, client_address, self)
  File "/var/local/www/catalystlc/edit/domdom/server.py", line 103, in __init__
    BaseHTTPServer.BaseHTTPRequestHandler.__init__(self, request, client_address, server)
  File "SocketServer.py", line 522, in __init__
    self.handle()
  File "BaseHTTPServer.py", line 316, in handle
    self.handle_one_request()
  File "BaseHTTPServer.py", line 310, in handle_one_request
    method()
  File "/var/local/www/catalystlc/edit/domdom/server.py", line 106, in do_GET
    response = self.route()
  File "/var/local/www/catalystlc/edit/domdom/server.py", line 63, in route
    print "\n\n\n Ignored media request for icon '" + path + "' . . ."
NameError: global name 'path' is not defined
localhost.localdomain - - [21/May/2009 04:24:29] "GET / HTTP/1.1" 200 -
