localhost.localdomain - - [10/Dec/2010 00:33:46] "GET /examples/iblog/matt/on/python HTTP/1.1" 200 -
localhost.localdomain - - [10/Dec/2010 00:33:47] "GET /favicon.ico HTTP/1.1" 200 -
localhost.localdomain - - [10/Dec/2010 00:33:48] "GET /event/1291941226574/13:2/34:1/0/0/0/0/591/290/ HTTP/1.1" 200 -
localhost.localdomain - - [10/Dec/2010 00:33:48] "GET /event/1291941226574/21:4/34:1/0/0/0/0/545/297/ HTTP/1.1" 200 -
localhost.localdomain - - [10/Dec/2010 00:33:49] "GET /favicon.ico HTTP/1.1" 200 -
localhost.localdomain - - [10/Dec/2010 00:33:50] "GET /event/1291941226574/21:4/34:1/0/0/0/0/548/306/ HTTP/1.1" 200 -
localhost.localdomain - - [10/Dec/2010 00:33:50] "GET /event/1291941226574/21:4/14:1/0/0/0/0/580/308/ HTTP/1.1" 200 -
localhost.localdomain - - [10/Dec/2010 00:33:50] "GET /event/1291941226574/21:4/11:1/0/0/0/0/590/309/ HTTP/1.1" 200 -
localhost.localdomain - - [10/Dec/2010 00:33:50] "GET /event/1291941226574/21:4/46:1/0/0/0/0/599/310/ HTTP/1.1" 200 -
localhost.localdomain - - [10/Dec/2010 00:33:50] "GET /event/1291941226574/21:4/47:1/0/0/0/0/594/325/ HTTP/1.1" 200 -
localhost.localdomain - - [10/Dec/2010 00:33:50] "GET /event/1291941226574/21:4/14:6/0/0/0/0/591/325/ HTTP/1.1" 200 -
localhost.localdomain - - [10/Dec/2010 00:33:50] "GET /event/1291941226574/21:4/46:1/0/0/0/0/576/327/ HTTP/1.1" 200 -
localhost.localdomain - - [10/Dec/2010 00:33:50] "GET /event/1291941226574/21:4/14:1/0/0/0/0/573/328/ HTTP/1.1" 200 -
localhost.localdomain - - [10/Dec/2010 00:33:50] "GET /event/1291941226574/27:1/0/0/0/0/0/566/324/ HTTP/1.1" 200 -
localhost.localdomain - - [10/Dec/2010 00:33:51] "GET /event/1291941226574/27:1/0/0/0/0/0/561/320/ HTTP/1.1" 200 -
localhost.localdomain - - [10/Dec/2010 00:33:52] "GET /event/1291941226574/27:1/0/0/0/0/0/561/320/ HTTP/1.1" 200 -
localhost.localdomain - - [10/Dec/2010 00:33:52] "GET /event/1291941226574/21:4/42:1/0/0/0/0/555/306/ HTTP/1.1" 200 -
localhost.localdomain - - [10/Dec/2010 00:33:52] "GET /event/1291941226574/21:4/14:1/0/0/0/0/554/302/ HTTP/1.1" 200 -
localhost.localdomain - - [10/Dec/2010 00:33:52] "GET /event/1291941226574/21:4/7:1/0/0/0/0/554/298/ HTTP/1.1" 200 -
localhost.localdomain - - [10/Dec/2010 00:33:52] "GET /event/1291941226574/22:1/34:1/0/0/0/0/554/293/ HTTP/1.1" 200 -
localhost.localdomain - - [10/Dec/2010 00:33:52] "GET /event/1291941226574/13:2/34:1/0/0/0/0/557/254/ HTTP/1.1" 200 -
localhost.localdomain - - [10/Dec/2010 00:33:52] "GET /event/1291941226574/21:2/34:1/0/0/0/0/554/279/ HTTP/1.1" 200 -
localhost.localdomain - - [10/Dec/2010 00:33:52] "GET /event/1291941226574/21:1/32:1/0/0/0/0/559/234/ HTTP/1.1" 200 -
localhost.localdomain - - [10/Dec/2010 00:33:52] "GET /event/1291941226574/13:1/29:4/0/0/0/0/559/227/ HTTP/1.1" 200 -
localhost.localdomain - - [10/Dec/2010 00:33:52] "GET /event/1291941226574/21:1/35:1/0/0/0/0/559/227/ HTTP/1.1" 200 -
localhost.localdomain - - [10/Dec/2010 00:33:53] "GET /event/1291941226574/13:1/32:1/0/0/0/0/538/156/ HTTP/1.1" 200 -
localhost.localdomain - - [10/Dec/2010 00:33:55] "GET /event/1291941226574/21:1/32:1/0/0/0/0/554/36/ HTTP/1.1" 200 -
localhost.localdomain - - [10/Dec/2010 00:33:56] "GET /event/1291941226574/13:1/32:1/0/0/0/0/605/247/ HTTP/1.1" 200 -
localhost.localdomain - - [10/Dec/2010 00:33:56] "GET /event/1291941226574/21:2/32:1/0/0/0/0/602/278/ HTTP/1.1" 200 -
localhost.localdomain - - [10/Dec/2010 00:33:56] "GET /event/1291941226574/13:2/46:1/0/0/0/0/598/305/ HTTP/1.1" 200 -
localhost.localdomain - - [10/Dec/2010 00:33:56] "GET /event/1291941226574/21:4/36:1/0/0/0/0/598/305/ HTTP/1.1" 200 -
localhost.localdomain - - [10/Dec/2010 00:33:56] "GET /event/1291941226574/22:1/34:1/0/0/0/0/586/349/ HTTP/1.1" 200 -
localhost.localdomain - - [10/Dec/2010 00:33:56] "GET /event/1291941226574/13:3/34:1/0/0/0/0/574/381/ HTTP/1.1" 200 -
localhost.localdomain - - [10/Dec/2010 00:33:56] "GET /event/1291941226574/21:3/34:1/0/0/0/0/582/362/ HTTP/1.1" 200 -
localhost.localdomain - - [10/Dec/2010 00:33:56] "GET /event/1291941226574/21:3/34:1/0/0/0/0/563/377/ HTTP/1.1" 200 -
localhost.localdomain - - [10/Dec/2010 00:33:56] "GET /event/1291941226574/13:3/34:1/0/0/0/0/561/349/ HTTP/1.1" 200 -
localhost.localdomain - - [10/Dec/2010 00:33:57] "GET /event/1291941226574/21:4/34:1/0/0/0/0/558/340/ HTTP/1.1" 200 -
localhost.localdomain - - [10/Dec/2010 00:33:57] "GET /event/1291941226574/21:4/37:1/0/0/0/0/557/336/ HTTP/1.1" 200 -
localhost.localdomain - - [10/Dec/2010 00:33:57] "GET /event/1291941226574/21:4/7:1/0/0/0/0/556/334/ HTTP/1.1" 200 -
localhost.localdomain - - [10/Dec/2010 00:33:57] "GET /event/1291941226574/21:4/14:1/0/0/0/0/555/329/ HTTP/1.1" 200 -
localhost.localdomain - - [10/Dec/2010 00:33:57] "GET /event/1291941226574/27:1/0/0/0/0/0/553/319/ HTTP/1.1" 200 -
localhost.localdomain - - [10/Dec/2010 00:33:58] "GET /event/1291941226574/27:1/0/0/0/0/0/564/319/ HTTP/1.1" 200 -
localhost.localdomain - - [10/Dec/2010 00:33:58] "GET /event/1291941226574/21:4/42:1/0/0/0/0/575/309/ HTTP/1.1" 200 -
localhost.localdomain - - [10/Dec/2010 00:33:58] "GET /event/1291941226574/21:4/14:1/0/0/0/0/579/306/ HTTP/1.1" 200 -
localhost.localdomain - - [10/Dec/2010 00:33:58] "GET /event/1291941226574/21:4/11:1/0/0/0/0/580/303/ HTTP/1.1" 200 -
localhost.localdomain - - [10/Dec/2010 00:33:58] "GET /event/1291941226574/21:4/7:1/0/0/0/0/580/301/ HTTP/1.1" 200 -
localhost.localdomain - - [10/Dec/2010 00:33:59] "GET /event/1291941226574/21:4/38:1/0/0/0/0/580/299/ HTTP/1.1" 200 -
localhost.localdomain - - [10/Dec/2010 00:33:59] "GET /event/1291941226574/22:1/34:1/0/0/0/0/577/294/ HTTP/1.1" 200 -
localhost.localdomain - - [10/Dec/2010 00:33:59] "GET /event/1291941226574/21:2/34:1/0/0/0/0/571/283/ HTTP/1.1" 200 -
localhost.localdomain - - [10/Dec/2010 00:33:59] "GET /event/1291941226574/13:2/34:1/0/0/0/0/556/259/ HTTP/1.1" 200 -
localhost.localdomain - - [10/Dec/2010 00:41:57] "GET /favicon.ico HTTP/1.1" 200 -
localhost.localdomain - - [10/Dec/2010 00:41:57] "GET /event/1291941226574/21:1/32:1/0/0/0/0/555/145/ HTTP/1.1" 200 -
localhost.localdomain - - [10/Dec/2010 00:41:58] "GET /event/1291941226574/13:1/35:1/0/0/0/0/713/233/ HTTP/1.1" 200 -
localhost.localdomain - - [10/Dec/2010 00:41:58] "GET /event/1291941226574/21:1/29:4/0/0/0/0/713/233/ HTTP/1.1" 200 -
localhost.localdomain - - [10/Dec/2010 00:41:58] "GET /event/1291941226574/21:4/46:1/0/0/0/0/660/324/ HTTP/1.1" 200 -
localhost.localdomain - - [10/Dec/2010 00:41:58] "GET /event/1291941226574/13:1/32:1/0/0/0/0/709/241/ HTTP/1.1" 200 -
localhost.localdomain - - [10/Dec/2010 00:41:58] "GET /event/1291941226574/21:2/34:1/0/0/0/0/699/261/ HTTP/1.1" 200 -
localhost.localdomain - - [10/Dec/2010 00:41:58] "GET /event/1291941226574/13:2/34:1/0/0/0/0/683/289/ HTTP/1.1" 200 -
localhost.localdomain - - [10/Dec/2010 00:41:58] "GET /event/1291941226574/21:4/34:1/0/0/0/0/672/306/ HTTP/1.1" 200 -
localhost.localdomain - - [10/Dec/2010 00:41:58] "GET /event/1291941226574/21:4/47:1/0/0/0/0/649/339/ HTTP/1.1" 200 -
localhost.localdomain - - [10/Dec/2010 00:41:58] "GET /event/1291941226574/22:1/34:1/0/0/0/0/637/353/ HTTP/1.1" 200 -
localhost.localdomain - - [10/Dec/2010 00:41:58] "GET /event/1291941226574/21:3/34:1/0/0/0/0/627/363/ HTTP/1.1" 200 -
localhost.localdomain - - [10/Dec/2010 00:41:58] "GET /event/1291941226574/13:3/34:1/0/0/0/0/602/378/ HTTP/1.1" 200 -
localhost.localdomain - - [10/Dec/2010 00:41:58] "GET /event/1291941226574/21:3/34:1/0/0/0/0/598/376/ HTTP/1.1" 200 -
localhost.localdomain - - [10/Dec/2010 00:41:58] "GET /event/1291941226574/13:3/34:1/0/0/0/0/585/351/ HTTP/1.1" 200 -
localhost.localdomain - - [10/Dec/2010 00:41:58] "GET /event/1291941226574/21:4/34:1/0/0/0/0/574/339/ HTTP/1.1" 200 -
localhost.localdomain - - [10/Dec/2010 00:41:58] "GET /event/1291941226574/21:4/37:1/0/0/0/0/570/336/ HTTP/1.1" 200 -
localhost.localdomain - - [10/Dec/2010 00:41:58] "GET /event/1291941226574/21:4/7:1/0/0/0/0/568/333/ HTTP/1.1" 200 -
localhost.localdomain - - [10/Dec/2010 00:41:58] "GET /event/1291941226574/21:4/14:1/0/0/0/0/566/331/ HTTP/1.1" 200 -
localhost.localdomain - - [10/Dec/2010 00:41:59] "GET /event/1291941226574/27:1/0/0/0/0/0/555/318/ HTTP/1.1" 200 -
localhost.localdomain - - [10/Dec/2010 00:41:59] "GET /event/1291941226574/27:1/0/0/0/0/0/559/318/ HTTP/1.1" 200 -
localhost.localdomain - - [10/Dec/2010 00:41:59] "GET /event/1291941226574/21:4/42:1/0/0/0/0/575/316/ HTTP/1.1" 200 -
localhost.localdomain - - [10/Dec/2010 00:41:59] "GET /event/1291941226574/21:4/14:1/0/0/0/0/586/317/ HTTP/1.1" 200 -
localhost.localdomain - - [10/Dec/2010 00:41:59] "GET /event/1291941226574/21:4/46:1/0/0/0/0/602/318/ HTTP/1.1" 200 -
localhost.localdomain - - [10/Dec/2010 00:41:59] "GET /event/1291941226574/21:4/47:1/0/0/0/0/687/326/ HTTP/1.1" 200 -
localhost.localdomain - - [10/Dec/2010 00:41:59] "GET /event/1291941226574/21:4/46:1/0/0/0/0/794/335/ HTTP/1.1" 200 -
localhost.localdomain - - [10/Dec/2010 00:41:59] "GET /event/1291941226574/21:4/14:2/0/0/0/0/831/334/ HTTP/1.1" 200 -
localhost.localdomain - - [10/Dec/2010 00:42:01] "GET /event/1291941226574/21:4/46:1/0/0/0/0/1104/336/ HTTP/1.1" 200 -
localhost.localdomain - - [10/Dec/2010 00:42:01] "GET /event/1291941226574/21:4/7:1/0/0/0/0/1100/339/ HTTP/1.1" 200 -
localhost.localdomain - - [10/Dec/2010 00:42:01] "GET /event/1291941226574/22:1/34:1/0/0/0/0/1097/342/ HTTP/1.1" 200 -
localhost.localdomain - - [10/Dec/2010 00:42:01] "GET /event/1291941226574/21:3/34:1/0/0/0/0/1073/354/ HTTP/1.1" 200 -
localhost.localdomain - - [10/Dec/2010 00:42:02] "GET /event/1291941226574/13:3/34:1/0/0/0/0/1088/379/ HTTP/1.1" 200 -
localhost.localdomain - - [10/Dec/2010 00:42:02] "GET /event/1291941226574/21:3/34:1/0/0/0/0/1098/377/ HTTP/1.1" 200 -
localhost.localdomain - - [10/Dec/2010 00:42:03] "GET /event/1291941226574/28:2/0/0/0/0/0/1092/368/ HTTP/1.1" 200 -
localhost.localdomain - - [10/Dec/2010 00:42:03] "GET /event/1291941226574/13:3/34:1/0/0/0/0/1128/379/ HTTP/1.1" 200 -
localhost.localdomain - - [10/Dec/2010 00:42:03] "GET /event/1291941226574/21:6/34:1/0/0/0/0/1092/392/ HTTP/1.1" 200 -
localhost.localdomain - - [10/Dec/2010 00:42:03] "GET /event/1291941226574/21:6/37:2/0/0/0/0/1066/401/ HTTP/1.1" 200 -
localhost.localdomain - - [10/Dec/2010 00:42:03] "GET /event/1291941226574/21:6/46:2/0/0/0/0/865/431/ HTTP/1.1" 200 -
localhost.localdomain - - [10/Dec/2010 00:42:03] "GET /event/1291941226574/21:6/7:3/0/0/0/0/823/436/ HTTP/1.1" 200 -
localhost.localdomain - - [10/Dec/2010 00:42:03] "GET /event/1291941226574/21:6/37:2/0/0/0/0/724/442/ HTTP/1.1" 200 -
localhost.localdomain - - [10/Dec/2010 00:42:04] "GET /event/1291941226574/21:6/50:2/0/0/0/0/620/440/ HTTP/1.1" 200 -
localhost.localdomain - - [10/Dec/2010 00:42:04] "GET /event/1291941226574/21:6/37:2/0/0/0/0/594/431/ HTTP/1.1" 200 -
localhost.localdomain - - [10/Dec/2010 00:42:04] "GET /event/1291941226574/21:6/7:3/0/0/0/0/592/429/ HTTP/1.1" 200 -
localhost.localdomain - - [10/Dec/2010 00:42:04] "GET /event/1291941226574/21:6/14:9/0/0/0/0/589/428/ HTTP/1.1" 200 -
localhost.localdomain - - [10/Dec/2010 00:42:04] "GET /event/1291941226574/21:6/46:2/0/0/0/0/580/424/ HTTP/1.1" 200 -
localhost.localdomain - - [10/Dec/2010 00:42:04] "GET /event/1291941226574/21:6/11:3/0/0/0/0/578/423/ HTTP/1.1" 200 -
localhost.localdomain - - [10/Dec/2010 00:42:04] "GET /event/1291941226574/21:6/14:8/0/0/0/0/573/419/ HTTP/1.1" 200 -
localhost.localdomain - - [10/Dec/2010 00:42:04] "GET /event/1291941226574/27:5/0/0/0/0/0/569/417/ HTTP/1.1" 200 -
localhost.localdomain - - [10/Dec/2010 00:42:04] "GET /event/1291941226574/21:6/42:2/0/0/0/0/576/417/ HTTP/1.1" 200 -
localhost.localdomain - - [10/Dec/2010 00:42:04] "GET /event/1291941226574/21:6/14:8/0/0/0/0/581/417/ HTTP/1.1" 200 -
localhost.localdomain - - [10/Dec/2010 00:42:04] "GET /event/1291941226574/21:6/14:9/0/0/0/0/590/417/ HTTP/1.1" 200 -
localhost.localdomain - - [10/Dec/2010 00:42:04] "GET /event/1291941226574/21:6/46:2/0/0/0/0/599/417/ HTTP/1.1" 200 -
localhost.localdomain - - [10/Dec/2010 00:42:04] "GET /event/1291941226574/21:6/47:2/0/0/0/0/682/421/ HTTP/1.1" 200 -
localhost.localdomain - - [10/Dec/2010 00:42:05] "GET /event/1291941226574/21:6/26:5/0/0/0/0/816/419/ HTTP/1.1" 200 -
localhost.localdomain - - [10/Dec/2010 00:42:05] "GET /event/1291941226574/21:6/46:2/0/0/0/0/1272/392/ HTTP/1.1" 200 -
localhost.localdomain - - [10/Dec/2010 00:42:05] "GET /event/1291941226574/22:2/34:1/0/0/0/0/1315/381/ HTTP/1.1" 200 -
localhost.localdomain - - [10/Dec/2010 00:42:05] "GET /event/1291941226574/21:3/34:1/0/0/0/0/1356/372/ HTTP/1.1" 200 -
localhost.localdomain - - [10/Dec/2010 00:42:05] "GET /event/1291941226574/13:3/34:1/0/0/0/0/1432/351/ HTTP/1.1" 200 -
localhost.localdomain - - [10/Dec/2010 00:42:05] "GET /event/1291941226574/21:3/34:1/0/0/0/0/1424/354/ HTTP/1.1" 200 -
localhost.localdomain - - [10/Dec/2010 00:42:05] "GET /event/1291941226574/13:3/34:1/0/0/0/0/1403/381/ HTTP/1.1" 200 -
localhost.localdomain - - [10/Dec/2010 00:42:05] "GET /event/1291941226574/21:6/34:1/0/0/0/0/1403/390/ HTTP/1.1" 200 -
localhost.localdomain - - [10/Dec/2010 00:42:05] "GET /event/1291941226574/21:6/37:2/0/0/0/0/1403/394/ HTTP/1.1" 200 -
localhost.localdomain - - [10/Dec/2010 00:42:05] "GET /event/1291941226574/21:6/38:2/0/0/0/0/1403/396/ HTTP/1.1" 200 -
localhost.localdomain - - [10/Dec/2010 00:42:05] "GET /event/1291941226574/21:6/7:3/0/0/0/0/1403/398/ HTTP/1.1" 200 -
localhost.localdomain - - [10/Dec/2010 00:42:05] "GET /event/1291941226574/21:6/14:11/0/0/0/0/1403/402/ HTTP/1.1" 200 -
localhost.localdomain - - [10/Dec/2010 00:42:05] "GET /event/1291941226574/27:7/0/0/0/0/0/1409/411/ HTTP/1.1" 200 -
localhost.localdomain - - [10/Dec/2010 00:42:06] "GET /event/1291941226574/21:4/43:1/0/0/0/0/1400/398/ HTTP/1.1" 200 -
localhost.localdomain - - [10/Dec/2010 00:42:06] "GET /event/1291941226574/21:4/14:4/0/0/0/0/1388/391/ HTTP/1.1" 200 -
localhost.localdomain - - [10/Dec/2010 00:42:06] "GET /event/1291941226574/22:1/34:1/0/0/0/0/1369/380/ HTTP/1.1" 200 -
localhost.localdomain - - [10/Dec/2010 00:42:06] "GET /event/1291941226574/21:5/34:1/0/0/0/0/1341/365/ HTTP/1.1" 200 -
localhost.localdomain - - [10/Dec/2010 00:42:06] "GET /event/1291941226574/13:4/34:1/0/0/0/0/1306/350/ HTTP/1.1" 200 -
localhost.localdomain - - [10/Dec/2010 00:42:06] "GET /event/1291941226574/21:6/34:1/0/0/0/0/1268/331/ HTTP/1.1" 200 -
localhost.localdomain - - [10/Dec/2010 00:42:06] "GET /event/1291941226574/21:6/14:9/0/0/0/0/1228/313/ HTTP/1.1" 200 -
localhost.localdomain - - [10/Dec/2010 00:42:06] "GET /event/1291941226574/21:6/46:2/0/0/0/0/1189/302/ HTTP/1.1" 200 -
localhost.localdomain - - [10/Dec/2010 00:42:06] "GET /event/1291941226574/22:2/34:1/0/0/0/0/1152/292/ HTTP/1.1" 200 -
localhost.localdomain - - [10/Dec/2010 00:42:06] "GET /event/1291941226574/21:2/34:1/0/0/0/0/1067/283/ HTTP/1.1" 200 -
localhost.localdomain - - [10/Dec/2010 00:42:06] "GET /event/1291941226574/13:2/34:1/0/0/0/0/1025/284/ HTTP/1.1" 200 -
localhost.localdomain - - [10/Dec/2010 00:42:06] "GET /event/1291941226574/21:6/34:1/0/0/0/0/946/301/ HTTP/1.1" 200 -
localhost.localdomain - - [10/Dec/2010 00:42:06] "GET /event/1291941226574/21:6/38:2/0/0/0/0/946/306/ HTTP/1.1" 200 -
localhost.localdomain - - [10/Dec/2010 00:42:07] "GET /event/1291941226574/21:6/46:2/0/0/0/0/793/311/ HTTP/1.1" 200 -
localhost.localdomain - - [10/Dec/2010 00:42:07] "GET /event/1291941226574/21:6/26:5/0/0/0/0/776/309/ HTTP/1.1" 200 -
localhost.localdomain - - [10/Dec/2010 00:42:07] "GET /event/1291941226574/21:6/14:14/0/0/0/0/771/308/ HTTP/1.1" 200 -
localhost.localdomain - - [10/Dec/2010 00:42:07] "GET /event/1291941226574/21:6/7:4/0/0/0/0/757/306/ HTTP/1.1" 200 -
localhost.localdomain - - [10/Dec/2010 00:42:07] "GET /event/1291941226574/21:6/46:2/0/0/0/0/749/307/ HTTP/1.1" 200 -
localhost.localdomain - - [10/Dec/2010 00:42:07] "GET /event/1291941226574/21:6/7:4/0/0/0/0/747/309/ HTTP/1.1" 200 -
localhost.localdomain - - [10/Dec/2010 00:42:07] "GET /event/1291941226574/21:6/14:14/0/0/0/0/747/311/ HTTP/1.1" 200 -
localhost.localdomain - - [10/Dec/2010 00:42:08] "GET /event/1291941226574/28:7/0/0/0/0/0/741/317/ HTTP/1.1" 200 -
localhost.localdomain - - [10/Dec/2010 00:42:12] "GET /event/1291941226574/21:6/7:4/0/0/0/0/814/340/ HTTP/1.1" 200 -
localhost.localdomain - - [10/Dec/2010 00:42:12] "GET /event/1291941226574/22:2/34:1/0/0/0/0/812/347/ HTTP/1.1" 200 -
localhost.localdomain - - [10/Dec/2010 00:42:12] "GET /event/1291941226574/21:5/34:1/0/0/0/0/809/354/ HTTP/1.1" 200 -
localhost.localdomain - - [10/Dec/2010 00:42:12] "GET /event/1291941226574/13:4/34:1/0/0/0/0/800/381/ HTTP/1.1" 200 -
localhost.localdomain - - [10/Dec/2010 00:42:12] "GET /event/1291941226574/21:4/34:1/0/0/0/0/795/395/ HTTP/1.1" 200 -
localhost.localdomain - - [10/Dec/2010 00:42:12] "GET /event/1291941226574/21:4/38:1/0/0/0/0/793/403/ HTTP/1.1" 200 -
localhost.localdomain - - [10/Dec/2010 00:42:12] "GET /event/1291941226574/21:3/46:1/0/0/0/0/742/469/ HTTP/1.1" 200 -
localhost.localdomain - - [10/Dec/2010 00:42:12] "GET /event/1291941226574/13:3/34:1/0/0/0/0/735/472/ HTTP/1.1" 200 -
localhost.localdomain - - [10/Dec/2010 00:42:12] "GET /event/1291941226574/21:3/34:1/0/0/0/0/732/470/ HTTP/1.1" 200 -
localhost.localdomain - - [10/Dec/2010 00:42:12] "GET /event/1291941226574/13:3/34:1/0/0/0/0/727/445/ HTTP/1.1" 200 -
localhost.localdomain - - [10/Dec/2010 00:42:12] "GET /event/1291941226574/21:4/34:1/0/0/0/0/727/434/ HTTP/1.1" 200 -
localhost.localdomain - - [10/Dec/2010 00:42:12] "GET /event/1291941226574/21:4/37:1/0/0/0/0/727/430/ HTTP/1.1" 200 -
localhost.localdomain - - [10/Dec/2010 00:42:12] "GET /event/1291941226574/21:4/7:1/0/0/0/0/727/428/ HTTP/1.1" 200 -
localhost.localdomain - - [10/Dec/2010 00:42:12] "GET /event/1291941226574/6:1/v%20Here%20is%20the%20way%20to%20go.%20/ HTTP/1.1" 200 -
localhost.localdomain - - [10/Dec/2010 00:42:13] "GET /event/1291941226574/28:4/0/0/0/0/0/739/408/ HTTP/1.1" 200 -
localhost.localdomain - - [10/Dec/2010 00:42:13] "GET /event/1291941226574/21:4/46:1/0/0/0/0/741/409/ HTTP/1.1" 200 -
localhost.localdomain - - [10/Dec/2010 00:42:17] "GET /event/1291941226574/21:4/49:2/0/0/0/0/766/404/ HTTP/1.1" 200 -
localhost.localdomain - - [10/Dec/2010 00:42:17] "GET /event/1291941226574/21:4/48:1/0/0/0/0/774/399/ HTTP/1.1" 200 -
localhost.localdomain - - [10/Dec/2010 00:42:17] "GET /event/1291941226574/21:4/46:1/0/0/0/0/781/394/ HTTP/1.1" 200 -
localhost.localdomain - - [10/Dec/2010 00:42:17] "GET /event/1291941226574/22:1/34:1/0/0/0/0/788/389/ HTTP/1.1" 200 -
localhost.localdomain - - [10/Dec/2010 00:42:17] "GET /event/1291941226574/21:4/34:1/0/0/0/0/794/392/ HTTP/1.1" 200 -
localhost.localdomain - - [10/Dec/2010 00:42:17] "GET /event/1291941226574/21:4/37:1/0/0/0/0/795/398/ HTTP/1.1" 200 -
localhost.localdomain - - [10/Dec/2010 00:42:17] "GET /event/1291941226574/21:4/14:2/0/0/0/0/798/404/ HTTP/1.1" 200 -
localhost.localdomain - - [10/Dec/2010 00:42:17] "GET /event/1291941226574/21:4/48:1/0/0/0/0/801/410/ HTTP/1.1" 200 -
localhost.localdomain - - [10/Dec/2010 00:42:17] "GET /event/1291941226574/22:1/34:1/0/0/0/0/830/440/ HTTP/1.1" 200 -
localhost.localdomain - - [10/Dec/2010 00:42:18] "GET /event/1291941226574/21:3/34:1/0/0/0/0/849/454/ HTTP/1.1" 200 -
localhost.localdomain - - [10/Dec/2010 00:42:18] "GET /event/1291941226574/13:3/34:1/0/0/0/0/893/483/ HTTP/1.1" 200 -
localhost.localdomain - - [10/Dec/2010 00:42:18] "GET /event/1291941226574/6:2/vWhy%20don't%20we%20go!!!!/ HTTP/1.1" 200 -
localhost.localdomain - - [10/Dec/2010 00:42:18] "GET /event/1291941226574/21:3/34:1/0/0/0/0/1030/467/ HTTP/1.1" 200 -
localhost.localdomain - - [10/Dec/2010 00:42:18] "GET /event/1291941226574/13:3/34:1/0/0/0/0/1074/443/ HTTP/1.1" 200 -
localhost.localdomain - - [10/Dec/2010 00:42:18] "GET /event/1291941226574/21:4/34:1/0/0/0/0/1108/429/ HTTP/1.1" 200 -
localhost.localdomain - - [10/Dec/2010 00:42:18] "GET /event/1291941226574/21:4/14:2/0/0/0/0/1143/414/ HTTP/1.1" 200 -
localhost.localdomain - - [10/Dec/2010 00:42:18] "GET /event/1291941226574/21:4/46:1/0/0/0/0/1183/396/ HTTP/1.1" 200 -
localhost.localdomain - - [10/Dec/2010 00:42:18] "GET /event/1291941226574/22:1/34:1/0/0/0/0/1219/379/ HTTP/1.1" 200 -
localhost.localdomain - - [10/Dec/2010 00:42:18] "GET /event/1291941226574/21:5/34:1/0/0/0/0/1257/362/ HTTP/1.1" 200 -
localhost.localdomain - - [10/Dec/2010 00:42:18] "GET /event/1291941226574/13:4/34:1/0/0/0/0/1296/346/ HTTP/1.1" 200 -
localhost.localdomain - - [10/Dec/2010 00:42:18] "GET /event/1291941226574/21:6/34:1/0/0/0/0/1334/333/ HTTP/1.1" 200 -
localhost.localdomain - - [10/Dec/2010 00:42:18] "GET /event/1291941226574/21:6/14:9/0/0/0/0/1368/323/ HTTP/1.1" 200 -
localhost.localdomain - - [10/Dec/2010 00:42:18] "GET /event/1291941226574/21:6/14:10/0/0/0/0/1399/313/ HTTP/1.1" 200 -
localhost.localdomain - - [10/Dec/2010 00:42:18] "GET /event/1291941226574/21:6/14:11/0/0/0/0/1430/302/ HTTP/1.1" 200 -
localhost.localdomain - - [10/Dec/2010 00:42:18] "GET /event/1291941226574/21:6/7:3/0/0/0/0/1456/296/ HTTP/1.1" 200 -
localhost.localdomain - - [10/Dec/2010 00:42:18] "GET /event/1291941226574/22:2/34:1/0/0/0/0/1474/287/ HTTP/1.1" 200 -
localhost.localdomain - - [10/Dec/2010 00:42:18] "GET /event/1291941226574/21:2/34:1/0/0/0/0/1475/278/ HTTP/1.1" 200 -
localhost.localdomain - - [10/Dec/2010 00:42:18] "GET /event/1291941226574/13:2/34:1/0/0/0/0/1401/286/ HTTP/1.1" 200 -
localhost.localdomain - - [10/Dec/2010 00:42:18] "GET /event/1291941226574/21:6/34:1/0/0/0/0/1357/308/ HTTP/1.1" 200 -
localhost.localdomain - - [10/Dec/2010 00:42:18] "GET /event/1291941226574/22:2/34:1/0/0/0/0/1290/347/ HTTP/1.1" 200 -
localhost.localdomain - - [10/Dec/2010 00:42:18] "GET /event/1291941226574/21:5/34:1/0/0/0/0/1249/373/ HTTP/1.1" 200 -
localhost.localdomain - - [10/Dec/2010 00:42:18] "GET /event/1291941226574/13:4/46:1/0/0/0/0/1202/403/ HTTP/1.1" 200 -
localhost.localdomain - - [10/Dec/2010 00:42:18] "GET /event/1291941226574/21:4/36:3/0/0/0/0/1202/403/ HTTP/1.1" 200 -
localhost.localdomain - - [10/Dec/2010 00:42:18] "GET /event/1291941226574/22:1/34:1/0/0/0/0/1150/436/ HTTP/1.1" 200 -
localhost.localdomain - - [10/Dec/2010 00:42:20] "GET /event/1291941226574/21:3/34:1/0/0/0/0/828/469/ HTTP/1.1" 200 -
localhost.localdomain - - [10/Dec/2010 00:42:20] "GET /event/1291941226574/13:3/34:1/0/0/0/0/799/440/ HTTP/1.1" 200 -
localhost.localdomain - - [10/Dec/2010 00:42:20] "GET /event/1291941226574/21:4/34:1/0/0/0/0/788/430/ HTTP/1.1" 200 -
localhost.localdomain - - [10/Dec/2010 00:42:20] "GET /event/1291941226574/21:4/7:1/0/0/0/0/774/417/ HTTP/1.1" 200 -
localhost.localdomain - - [10/Dec/2010 00:42:20] "GET /event/1291941226574/21:4/26:3/0/0/0/0/754/402/ HTTP/1.1" 200 -
localhost.localdomain - - [10/Dec/2010 00:42:20] "GET /event/1291941226574/22:1/34:1/0/0/0/0/734/388/ HTTP/1.1" 200 -
localhost.localdomain - - [10/Dec/2010 00:42:20] "GET /event/1291941226574/21:5/34:1/0/0/0/0/714/375/ HTTP/1.1" 200 -
localhost.localdomain - - [10/Dec/2010 00:42:20] "GET /event/1291941226574/13:4/34:1/0/0/0/0/676/353/ HTTP/1.1" 200 -
localhost.localdomain - - [10/Dec/2010 00:42:20] "GET /event/1291941226574/21:5/34:1/0/0/0/0/635/356/ HTTP/1.1" 200 -
localhost.localdomain - - [10/Dec/2010 00:42:20] "GET /event/1291941226574/13:4/34:1/0/0/0/0/629/353/ HTTP/1.1" 200 -
localhost.localdomain - - [10/Dec/2010 00:42:20] "GET /event/1291941226574/21:6/34:1/0/0/0/0/606/337/ HTTP/1.1" 200 -
localhost.localdomain - - [10/Dec/2010 00:42:20] "GET /event/1291941226574/21:6/7:3/0/0/0/0/581/322/ HTTP/1.1" 200 -
localhost.localdomain - - [10/Dec/2010 00:42:20] "GET /event/1291941226574/21:6/14:9/0/0/0/0/549/306/ HTTP/1.1" 200 -
localhost.localdomain - - [10/Dec/2010 00:42:20] "GET /event/1291941226574/22:2/34:1/0/0/0/0/515/287/ HTTP/1.1" 200 -
localhost.localdomain - - [10/Dec/2010 00:42:21] "GET /event/1291941226574/21:2/34:1/0/0/0/0/546/265/ HTTP/1.1" 200 -
localhost.localdomain - - [10/Dec/2010 00:42:21] "GET /event/1291941226574/13:2/34:1/0/0/0/0/649/255/ HTTP/1.1" 200 -
localhost.localdomain - - [10/Dec/2010 00:42:21] "GET /event/1291941226574/21:1/32:1/0/0/0/0/690/233/ HTTP/1.1" 200 -
localhost.localdomain - - [10/Dec/2010 00:42:21] "GET /event/1291941226574/13:1/29:4/0/0/0/0/695/225/ HTTP/1.1" 200 -
localhost.localdomain - - [10/Dec/2010 00:42:21] "GET /event/1291941226574/21:1/35:1/0/0/0/0/695/225/ HTTP/1.1" 200 -
localhost.localdomain - - [10/Dec/2010 00:42:21] "GET /event/1291941226574/13:1/35:1/0/0/0/0/688/230/ HTTP/1.1" 200 -
localhost.localdomain - - [10/Dec/2010 00:42:21] "GET /event/1291941226574/21:1/29:4/0/0/0/0/688/230/ HTTP/1.1" 200 -
localhost.localdomain - - [10/Dec/2010 00:42:21] "GET /event/1291941226574/13:1/34:1/0/0/0/0/689/250/ HTTP/1.1" 200 -
localhost.localdomain - - [10/Dec/2010 00:42:21] "GET /event/1291941226574/21:2/34:1/0/0/0/0/689/272/ HTTP/1.1" 200 -
localhost.localdomain - - [10/Dec/2010 00:42:21] "GET /event/1291941226574/13:2/34:1/0/0/0/0/689/294/ HTTP/1.1" 200 -
localhost.localdomain - - [10/Dec/2010 00:42:21] "GET /event/1291941226574/21:6/34:1/0/0/0/0/687/312/ HTTP/1.1" 200 -
localhost.localdomain - - [10/Dec/2010 00:42:21] "GET /event/1291941226574/21:6/26:5/0/0/0/0/684/338/ HTTP/1.1" 200 -
localhost.localdomain - - [10/Dec/2010 00:42:21] "GET /event/1291941226574/22:2/34:1/0/0/0/0/684/350/ HTTP/1.1" 200 -
localhost.localdomain - - [10/Dec/2010 00:42:21] "GET /event/1291941226574/21:5/34:1/0/0/0/0/682/358/ HTTP/1.1" 200 -
localhost.localdomain - - [10/Dec/2010 00:42:21] "GET /event/1291941226574/13:4/34:1/0/0/0/0/675/379/ HTTP/1.1" 200 -
localhost.localdomain - - [10/Dec/2010 00:42:21] "GET /event/1291941226574/21:4/34:1/0/0/0/0/668/392/ HTTP/1.1" 200 -
localhost.localdomain - - [10/Dec/2010 00:42:21] "GET /event/1291941226574/21:4/37:1/0/0/0/0/666/396/ HTTP/1.1" 200 -
localhost.localdomain - - [10/Dec/2010 00:42:21] "GET /event/1291941226574/21:4/7:1/0/0/0/0/664/400/ HTTP/1.1" 200 -
localhost.localdomain - - [10/Dec/2010 00:42:21] "GET /event/1291941226574/21:4/46:1/0/0/0/0/662/402/ HTTP/1.1" 200 -
localhost.localdomain - - [10/Dec/2010 00:42:21] "GET /event/1291941226574/21:4/7:2/0/0/0/0/662/404/ HTTP/1.1" 200 -
localhost.localdomain - - [10/Dec/2010 00:45:42] "GET /examples/iblog/edgar_o/on/the_homosexualization_of_america HTTP/1.1" 200 -
localhost.localdomain - - [10/Dec/2010 00:45:47] "GET /favicon.ico HTTP/1.1" 200 -
localhost.localdomain - - [10/Dec/2010 00:46:09] "GET /event/1291941942015/21:7/33:2/0/0/0/0/486/176/ HTTP/1.1" 200 -
localhost.localdomain - - [10/Dec/2010 00:46:09] "GET /event/1291941942015/13:5/35:2/0/0/0/0/655/225/ HTTP/1.1" 200 -
localhost.localdomain - - [10/Dec/2010 00:46:09] "GET /event/1291941942015/21:7/29:8/0/0/0/0/655/225/ HTTP/1.1" 200 -
localhost.localdomain - - [10/Dec/2010 00:46:09] "GET /event/1291941942015/13:5/34:2/0/0/0/0/649/240/ HTTP/1.1" 200 -
localhost.localdomain - - [10/Dec/2010 00:46:09] "GET /event/1291941942015/21:8/34:2/0/0/0/0/642/252/ HTTP/1.1" 200 -
localhost.localdomain - - [10/Dec/2010 00:46:09] "GET /event/1291941942015/21:10/34:2/0/0/0/0/557/283/ HTTP/1.1" 200 -
localhost.localdomain - - [10/Dec/2010 00:46:09] "GET /event/1291941942015/13:6/34:2/0/0/0/0/592/272/ HTTP/1.1" 200 -
localhost.localdomain - - [10/Dec/2010 00:46:09] "GET /event/1291941942015/21:10/37:3/0/0/0/0/549/286/ HTTP/1.1" 200 -
localhost.localdomain - - [10/Dec/2010 00:46:09] "GET /event/1291941942015/21:10/38:3/0/0/0/0/549/288/ HTTP/1.1" 200 -
localhost.localdomain - - [10/Dec/2010 00:46:09] "GET /event/1291941942015/21:10/7:5/0/0/0/0/542/290/ HTTP/1.1" 200 -
localhost.localdomain - - [10/Dec/2010 00:46:09] "GET /event/1291941942015/21:10/14:16/0/0/0/0/528/297/ HTTP/1.1" 200 -
localhost.localdomain - - [10/Dec/2010 00:46:09] "GET /event/1291941942015/21:10/47:3/0/0/0/0/501/306/ HTTP/1.1" 200 -
localhost.localdomain - - [10/Dec/2010 00:46:09] "GET /event/1291941942015/21:10/46:3/0/0/0/0/490/307/ HTTP/1.1" 200 -
localhost.localdomain - - [10/Dec/2010 00:46:09] "GET /event/1291941942015/21:10/14:15/0/0/0/0/483/307/ HTTP/1.1" 200 -
localhost.localdomain - - [10/Dec/2010 00:46:10] "GET /event/1291941942015/27:9/0/0/0/0/0/471/306/ HTTP/1.1" 200 -
localhost.localdomain - - [10/Dec/2010 00:46:11] "GET /event/1291941942015/27:9/0/0/0/0/0/471/305/ HTTP/1.1" 200 -
localhost.localdomain - - [10/Dec/2010 00:46:12] "GET /event/1291941942015/21:10/42:3/0/0/0/0/455/299/ HTTP/1.1" 200 -
localhost.localdomain - - [10/Dec/2010 00:46:12] "GET /event/1291941942015/22:3/34:2/0/0/0/0/432/286/ HTTP/1.1" 200 -
localhost.localdomain - - [10/Dec/2010 00:46:13] "GET /event/1291941942015/21:7/32:2/0/0/0/0/497/137/ HTTP/1.1" 200 -
localhost.localdomain - - [10/Dec/2010 00:46:14] "GET /event/1291941942015/13:5/32:2/0/0/0/0/426/198/ HTTP/1.1" 200 -
localhost.localdomain - - [10/Dec/2010 00:46:14] "GET /event/1291941942015/21:7/33:2/0/0/0/0/469/211/ HTTP/1.1" 200 -
localhost.localdomain - - [10/Dec/2010 00:46:15] "GET /event/1291941942015/13:5/35:2/0/0/0/0/577/228/ HTTP/1.1" 200 -
localhost.localdomain - - [10/Dec/2010 00:46:15] "GET /event/1291941942015/21:7/29:8/0/0/0/0/577/228/ HTTP/1.1" 200 -
localhost.localdomain - - [10/Dec/2010 00:46:15] "GET /event/1291941942015/13:5/36:4/0/0/0/0/579/266/ HTTP/1.1" 200 -
localhost.localdomain - - [10/Dec/2010 00:46:15] "GET /event/1291941942015/21:8/35:2/0/0/0/0/579/266/ HTTP/1.1" 200 -
localhost.localdomain - - [10/Dec/2010 00:46:15] "GET /event/1291941942015/13:6/50:3/0/0/0/0/581/349/ HTTP/1.1" 200 -
localhost.localdomain - - [10/Dec/2010 00:46:15] "GET /event/1291941942015/21:10/36:4/0/0/0/0/581/349/ HTTP/1.1" 200 -
localhost.localdomain - - [10/Dec/2010 00:46:15] "GET /event/1291941942015/21:10/50:3/0/0/0/0/590/325/ HTTP/1.1" 200 -
localhost.localdomain - - [10/Dec/2010 00:46:15] "GET /event/1291941942015/21:10/37:3/0/0/0/0/591/317/ HTTP/1.1" 200 -
localhost.localdomain - - [10/Dec/2010 00:46:15] "GET /event/1291941942015/21:10/14:16/0/0/0/0/592/313/ HTTP/1.1" 200 -
localhost.localdomain - - [10/Dec/2010 00:46:15] "GET /event/1291941942015/21:10/7:6/0/0/0/0/593/312/ HTTP/1.1" 200 -
localhost.localdomain - - [10/Dec/2010 00:46:15] "GET /event/1291941942015/21:10/14:21/0/0/0/0/593/311/ HTTP/1.1" 200 -
localhost.localdomain - - [10/Dec/2010 00:46:16] "GET /event/1291941942015/21:10/26:8/0/0/0/0/572/311/ HTTP/1.1" 200 -
localhost.localdomain - - [10/Dec/2010 00:46:16] "GET /event/1291941942015/21:10/11:6/0/0/0/0/561/315/ HTTP/1.1" 200 -
localhost.localdomain - - [10/Dec/2010 00:46:16] "GET /event/1291941942015/21:10/46:3/0/0/0/0/542/321/ HTTP/1.1" 200 -
localhost.localdomain - - [10/Dec/2010 00:46:16] "GET /event/1291941942015/21:10/38:3/0/0/0/0/491/319/ HTTP/1.1" 200 -
localhost.localdomain - - [10/Dec/2010 00:46:16] "GET /event/1291941942015/21:10/7:5/0/0/0/0/486/317/ HTTP/1.1" 200 -
localhost.localdomain - - [10/Dec/2010 00:46:16] "GET /event/1291941942015/21:10/14:15/0/0/0/0/482/314/ HTTP/1.1" 200 -
localhost.localdomain - - [10/Dec/2010 00:46:17] "GET /event/1291941942015/27:9/0/0/0/0/0/469/306/ HTTP/1.1" 200 -
localhost.localdomain - - [10/Dec/2010 00:46:18] "GET /event/1291941942015/21:8/42:3/0/0/0/0/486/263/ HTTP/1.1" 200 -
localhost.localdomain - - [10/Dec/2010 00:46:18] "GET /event/1291941942015/13:6/29:8/0/0/0/0/546/167/ HTTP/1.1" 200 -
localhost.localdomain - - [10/Dec/2010 00:46:18] "GET /event/1291941942015/21:7/36:4/0/0/0/0/546/167/ HTTP/1.1" 200 -
localhost.localdomain - - [10/Dec/2010 00:46:18] "GET /event/1291941942015/13:5/32:2/0/0/0/0/652/27/ HTTP/1.1" 200 -
localhost.localdomain - - [10/Dec/2010 00:46:18] "GET /event/1291941942015/21:7/32:2/0/0/0/0/653/34/ HTTP/1.1" 200 -
localhost.localdomain - - [10/Dec/2010 00:46:18] "GET /event/1291941942015/13:5/36:4/0/0/0/0/671/258/ HTTP/1.1" 200 -
localhost.localdomain - - [10/Dec/2010 00:46:18] "GET /event/1291941942015/21:8/29:8/0/0/0/0/671/258/ HTTP/1.1" 200 -
localhost.localdomain - - [10/Dec/2010 00:46:18] "GET /event/1291941942015/13:6/34:2/0/0/0/0/712/275/ HTTP/1.1" 200 -
localhost.localdomain - - [10/Dec/2010 00:46:18] "GET /event/1291941942015/21:8/34:2/0/0/0/0/787/269/ HTTP/1.1" 200 -
localhost.localdomain - - [10/Dec/2010 00:46:19] "GET /event/1291941942015/13:6/34:2/0/0/0/0/886/243/ HTTP/1.1" 200 -
localhost.localdomain - - [10/Dec/2010 00:46:19] "GET /event/1291941942015/21:8/34:2/0/0/0/0/1073/250/ HTTP/1.1" 200 -
localhost.localdomain - - [10/Dec/2010 00:46:19] "GET /event/1291941942015/13:6/37:3/0/0/0/0/1164/284/ HTTP/1.1" 200 -
localhost.localdomain - - [10/Dec/2010 00:46:19] "GET /event/1291941942015/21:10/36:4/0/0/0/0/1164/284/ HTTP/1.1" 200 -
localhost.localdomain - - [10/Dec/2010 00:46:19] "GET /event/1291941942015/21:10/37:3/0/0/0/0/1186/296/ HTTP/1.1" 200 -
localhost.localdomain - - [10/Dec/2010 00:46:19] "GET /event/1291941942015/21:10/45:3/0/0/0/0/1162/315/ HTTP/1.1" 200 -
localhost.localdomain - - [10/Dec/2010 00:46:19] "GET /event/1291941942015/21:10/14:19/0/0/0/0/1157/317/ HTTP/1.1" 200 -
localhost.localdomain - - [10/Dec/2010 00:46:19] "GET /event/1291941942015/21:10/14:18/0/0/0/0/1142/315/ HTTP/1.1" 200 -
localhost.localdomain - - [10/Dec/2010 00:46:20] "GET /event/1291941942015/21:8/43:3/0/0/0/0/1138/264/ HTTP/1.1" 200 -
localhost.localdomain - - [10/Dec/2010 00:46:20] "GET /event/1291941942015/13:6/32:2/0/0/0/0/1136/233/ HTTP/1.1" 200 -
localhost.localdomain - - [10/Dec/2010 00:46:20] "GET /event/1291941942015/21:7/32:2/0/0/0/0/1132/193/ HTTP/1.1" 200 -
localhost.localdomain - - [10/Dec/2010 00:46:20] "GET /event/1291941942015/13:5/32:2/0/0/0/0/1129/26/ HTTP/1.1" 200 -
localhost.localdomain - - [10/Dec/2010 00:46:20] "GET /event/1291941942015/21:7/32:2/0/0/0/0/1125/37/ HTTP/1.1" 200 -
localhost.localdomain - - [10/Dec/2010 00:46:35] "GET /event/1291941942015/13:5/32:2/0/0/0/0/1205/130/ HTTP/1.1" 200 -
localhost.localdomain - - [10/Dec/2010 01:30:19] "GET /examples/iblog/why/python/is/better/than/x HTTP/1.1" 200 -
localhost.localdomain - - [10/Dec/2010 01:30:22] "GET /event/1291944619922/13:8/50:4/0/0/0/0/777/559/ HTTP/1.1" 200 -
localhost.localdomain - - [10/Dec/2010 01:30:22] "GET /event/1291944619922/21:14/29:12/0/0/0/0/777/559/ HTTP/1.1" 200 -
localhost.localdomain - - [10/Dec/2010 01:30:39] "GET /event/1291944619922/13:9/37:4/0/0/0/0/765/284/ HTTP/1.1" 200 -
localhost.localdomain - - [10/Dec/2010 01:30:39] "GET /event/1291944619922/21:14/36:6/0/0/0/0/765/284/ HTTP/1.1" 200 -
localhost.localdomain - - [10/Dec/2010 01:30:40] "GET /event/1291944619922/21:14/34:3/0/0/0/0/480/495/ HTTP/1.1" 200 -
localhost.localdomain - - [10/Dec/2010 01:30:42] "GET /event/1291944619922/21:14/37:4/0/0/0/0/645/391/ HTTP/1.1" 200 -
